2023-04-24 15:29:59,286:INFO-load_data.py-drop null columns
2023-04-24 15:29:59,307:INFO-load_data.py-time elapsed to load data:::0.05475282669067383
2023-04-24 15:29:59,307:DEBUG-load_data.py-sample of data loaded as X:::[0 0 0 ... 0 0 0]
2023-04-24 15:29:59,307:DEBUG-load_data.py-sample of data loaded as Y:::2.0106
2023-04-24 15:29:59,309:INFO-load_data.py-input data were split
2023-04-24 15:29:59,309:INFO-load_data.py-seed:::42
2023-04-24 15:30:02,666:INFO-tuning.py-random-search
2023-04-24 15:30:02,666:INFO-pretuning.py-pre tuning start
2023-04-24 15:30:02,817:INFO-pretuning.py-now validating:::subsample
2023-04-24 15:30:06,572:DEBUG-pretuning.py-validation score :::[-3.66050355 -0.11146106 -0.12140237 -0.10095249 -0.06885404 -0.06695412
 -0.07790129 -0.07559798 -0.06795654 -0.07448963]
2023-04-24 15:30:06,573:DEBUG-pretuning.py-local max at subsample:::(array([1, 5, 8]),)
2023-04-24 15:30:06,573:DEBUG-pretuning.py-cv params updated:::[0.1, 0.6, 0.9]
2023-04-24 15:30:06,573:INFO-pretuning.py-now validating:::colsample_bytree
2023-04-24 15:30:09,961:DEBUG-pretuning.py-validation score :::[-0.18136049 -0.05375263 -0.05879554 -0.0648095  -0.06114965 -0.06810722
 -0.06422743 -0.06234578 -0.06976935 -0.06663503 -0.07448963]
2023-04-24 15:30:09,961:DEBUG-pretuning.py-local max at colsample_bytree:::(array([1, 4, 7, 9]),)
2023-04-24 15:30:09,961:DEBUG-pretuning.py-cv params updated:::[0.1, 0.4, 0.7, 0.9]
2023-04-24 15:30:09,961:INFO-pretuning.py-now validating:::reg_alpha
2023-04-24 15:32:24,686:INFO-load_data.py-drop null columns
2023-04-24 15:32:24,704:INFO-load_data.py-time elapsed to load data:::0.04769110679626465
2023-04-24 15:32:24,704:DEBUG-load_data.py-sample of data loaded as X:::[0 0 0 ... 0 0 0]
2023-04-24 15:32:24,704:DEBUG-load_data.py-sample of data loaded as Y:::2.0106
2023-04-24 15:32:24,706:INFO-load_data.py-input data were split
2023-04-24 15:32:24,706:INFO-load_data.py-seed:::42
2023-04-24 15:32:27,910:INFO-tuning.py-random-search
2023-04-24 15:32:27,910:INFO-pretuning.py-pre tuning start
2023-04-24 15:32:28,033:INFO-pretuning.py-now validating:::subsample
2023-04-24 15:32:31,729:DEBUG-pretuning.py-validation score :::[-3.66050355 -0.11146106 -0.12140237 -0.10095249 -0.06885404 -0.06695412
 -0.07790129 -0.07559798 -0.06795654 -0.07448963]
2023-04-24 15:32:31,729:DEBUG-pretuning.py-local max at subsample:::(array([1, 5, 8]),)
2023-04-24 15:32:31,729:DEBUG-pretuning.py-cv params updated:::[0.1, 0.6, 0.9]
2023-04-24 15:32:31,729:INFO-pretuning.py-now validating:::colsample_bytree
2023-04-24 15:32:35,181:DEBUG-pretuning.py-validation score :::[-0.18136049 -0.05375263 -0.05879554 -0.0648095  -0.06114965 -0.06810722
 -0.06422743 -0.06234578 -0.06976935 -0.06663503 -0.07448963]
2023-04-24 15:32:35,181:DEBUG-pretuning.py-local max at colsample_bytree:::(array([1, 4, 7, 9]),)
2023-04-24 15:32:35,181:DEBUG-pretuning.py-cv params updated:::[0.1, 0.4, 0.7, 0.9]
2023-04-24 15:32:35,181:INFO-pretuning.py-now validating:::reg_alpha
2023-04-24 15:32:38,166:DEBUG-pretuning.py-validation score :::[-0.07448963 -0.07417386 -0.07340436 -0.07288664 -0.07349711 -0.0735589
 -0.07097941 -0.06987261]
2023-04-24 15:32:38,166:DEBUG-pretuning.py-local max at reg_alpha:::(array([3]),)
2023-04-24 15:32:38,166:DEBUG-pretuning.py-cv params updated:::[0.01]
2023-04-24 15:32:38,166:INFO-pretuning.py-now validating:::reg_lambda
2023-04-24 15:32:41,423:DEBUG-pretuning.py-validation score :::[-0.06748693 -0.06725848 -0.06642707 -0.06485668 -0.0720688  -0.06270846
 -0.0646266  -0.07448963]
2023-04-24 15:32:41,424:DEBUG-pretuning.py-local max at reg_lambda:::(array([3, 5]),)
2023-04-24 15:32:41,424:DEBUG-pretuning.py-cv params updated:::[0.01, 0.1]
2023-04-24 15:32:41,424:INFO-pretuning.py-now validating:::learning_rate
2023-04-24 15:35:35,170:DEBUG-pretuning.py-validation score :::[-3.66050355 -0.60452233 -0.06792766 -0.06802401 -0.06739979 -0.07022904
 -0.07448963 -0.06859804]
2023-04-24 15:35:35,171:DEBUG-pretuning.py-local max at learning_rate:::(array([2, 4]),)
2023-04-24 15:35:35,171:DEBUG-pretuning.py-cv params updated:::[0.001, 0.03]
2023-04-24 15:35:35,171:INFO-pretuning.py-now validating:::min_child_weight
2023-04-24 15:35:44,024:DEBUG-pretuning.py-validation score :::[-0.07448963 -0.07395161 -0.1006823  -0.10745782 -0.09660053 -0.11352508
 -0.12421868 -0.11149386]
2023-04-24 15:35:44,025:DEBUG-pretuning.py-local max at min_child_weight:::(array([1, 4]),)
2023-04-24 15:35:44,025:DEBUG-pretuning.py-cv params updated:::[3, 9]
2023-04-24 15:35:44,025:INFO-pretuning.py-now validating:::max_depth
2023-04-24 15:35:50,440:DEBUG-pretuning.py-validation score :::[-0.06132109 -0.06047256 -0.06357972 -0.06843529 -0.06789275 -0.07448963
 -0.06687416 -0.07393    -0.07385229 -0.0749379 ]
2023-04-24 15:35:50,440:DEBUG-pretuning.py-local max at max_depth:::(array([1, 4, 6, 8]),)
2023-04-24 15:35:50,440:DEBUG-pretuning.py-cv params updated:::[2, 5, 7, 9]
2023-04-24 15:35:50,440:INFO-pretuning.py-now validating:::gamma
2023-04-24 15:37:43,593:DEBUG-pretuning.py-validation score :::[-0.07448963 -0.07454924 -0.07470379 -0.07587375 -0.07486175 -0.08346431
 -0.07862083 -0.09662094]
2023-04-24 15:37:43,594:DEBUG-pretuning.py-local max at gamma:::(array([4, 6]),)
2023-04-24 15:37:43,594:DEBUG-pretuning.py-cv params updated:::[0.03, 0.3]
2023-04-24 15:37:43,594:INFO-tuning.py-pre tuning finished!!
2023-04-24 15:37:43,594:INFO-tuning_method.py-optimize by using RandomSearch
