2023-04-10 13:16:59,046:INFO-load_data.py-drop null columns
2023-04-10 13:16:59,052:INFO-load_data.py-time elapsed to load data:::0.02658390998840332
2023-04-10 13:16:59,052:DEBUG-load_data.py-sample of data loaded as X:::[0 0 0 ... 0 0 0]
2023-04-10 13:16:59,052:DEBUG-load_data.py-sample of data loaded as Y:::2.0106
2023-04-10 13:16:59,054:INFO-load_data.py-input data were split
2023-04-10 13:17:01,785:INFO-tuning.py-grid-search
2023-04-10 13:17:01,785:INFO-pretuning.py-pre tuning start
2023-04-10 13:17:01,857:INFO-pretuning.py-now validating:::subsample
2023-04-10 13:17:05,977:DEBUG-pretuning.py-local max at subsample:::(array([1, 5, 8]),)
2023-04-10 13:17:05,977:DEBUG-pretuning.py-cv params updated:::[0.1, 0.6, 0.9]
2023-04-10 13:17:05,977:INFO-pretuning.py-now validating:::colsample_bytree
2023-04-10 13:17:09,776:DEBUG-pretuning.py-local max at colsample_bytree:::(array([1, 4, 7, 9]),)
2023-04-10 13:17:09,776:DEBUG-pretuning.py-cv params updated:::[0.1, 0.4, 0.7, 0.9]
2023-04-10 13:17:09,776:INFO-pretuning.py-now validating:::reg_alpha
2023-04-10 13:17:13,085:DEBUG-pretuning.py-local max at reg_alpha:::(array([3]),)
2023-04-10 13:17:13,085:DEBUG-pretuning.py-cv params updated:::[0.01]
2023-04-10 13:17:13,086:INFO-pretuning.py-now validating:::reg_lambda
2023-04-10 13:17:16,726:DEBUG-pretuning.py-local max at reg_lambda:::(array([3, 5]),)
2023-04-10 13:17:16,726:DEBUG-pretuning.py-cv params updated:::[0.01, 0.1]
2023-04-10 13:17:16,726:INFO-pretuning.py-now validating:::learning_rate
2023-04-10 13:20:04,297:DEBUG-pretuning.py-local max at learning_rate:::(array([2, 4]),)
2023-04-10 13:20:04,297:DEBUG-pretuning.py-cv params updated:::[0.001, 0.03]
2023-04-10 13:20:04,297:INFO-pretuning.py-now validating:::min_child_weight
2023-04-10 13:20:12,585:DEBUG-pretuning.py-local max at min_child_weight:::(array([1, 4]),)
2023-04-10 13:20:12,585:DEBUG-pretuning.py-cv params updated:::[3, 9]
2023-04-10 13:20:12,586:INFO-pretuning.py-now validating:::max_depth
2023-04-10 13:20:18,551:DEBUG-pretuning.py-local max at max_depth:::(array([1, 4, 6, 8]),)
2023-04-10 13:20:18,551:DEBUG-pretuning.py-cv params updated:::[2, 5, 7, 9]
2023-04-10 13:20:18,551:INFO-pretuning.py-now validating:::gamma
2023-04-10 13:22:03,830:DEBUG-pretuning.py-local max at gamma:::(array([4, 6]),)
2023-04-10 13:22:03,830:DEBUG-pretuning.py-cv params updated:::[0.03, 0.3]
2023-04-10 13:22:03,831:INFO-tuning.py-pre tuning finished!!
2023-04-10 13:22:03,831:INFO-tuning_method.py-optimize by using GridSearch
2023-04-10 15:45:07,194:INFO-load_data.py-drop null columns
2023-04-10 15:45:07,200:INFO-load_data.py-time elapsed to load data:::0.026452064514160156
2023-04-10 15:45:07,200:DEBUG-load_data.py-sample of data loaded as X:::[0 0 0 ... 0 0 0]
2023-04-10 15:45:07,200:DEBUG-load_data.py-sample of data loaded as Y:::2.0106
2023-04-10 15:45:07,201:INFO-load_data.py-input data were split
2023-04-10 15:45:10,100:INFO-tuning.py-random-search
2023-04-10 15:45:10,100:INFO-pretuning.py-pre tuning start
2023-04-10 15:45:10,197:INFO-pretuning.py-now validating:::subsample
2023-04-10 15:45:15,019:DEBUG-pretuning.py-validation score :::[-3.66050355 -0.11146106 -0.12140237 -0.10095249 -0.06885404 -0.06695412
 -0.07790129 -0.07559798 -0.06795654 -0.07448963]
2023-04-10 15:45:15,020:DEBUG-pretuning.py-local max at subsample:::(array([1, 5, 8]),)
2023-04-10 15:45:15,020:DEBUG-pretuning.py-cv params updated:::[0.1, 0.6, 0.9]
2023-04-10 15:45:15,020:INFO-pretuning.py-now validating:::colsample_bytree
2023-04-10 15:45:19,887:DEBUG-pretuning.py-validation score :::[-0.18136049 -0.05375263 -0.05879554 -0.0648095  -0.06114965 -0.06810722
 -0.06422743 -0.06234578 -0.06976935 -0.06663503 -0.07448963]
2023-04-10 15:45:19,887:DEBUG-pretuning.py-local max at colsample_bytree:::(array([1, 4, 7, 9]),)
2023-04-10 15:45:19,887:DEBUG-pretuning.py-cv params updated:::[0.1, 0.4, 0.7, 0.9]
2023-04-10 15:45:19,887:INFO-pretuning.py-now validating:::reg_alpha
2023-04-10 15:45:24,124:DEBUG-pretuning.py-validation score :::[-0.07448963 -0.07417386 -0.07340436 -0.07288664 -0.07349711 -0.0735589
 -0.07097941 -0.06987261]
2023-04-10 15:45:24,124:DEBUG-pretuning.py-local max at reg_alpha:::(array([3]),)
2023-04-10 15:45:24,124:DEBUG-pretuning.py-cv params updated:::[0.01]
2023-04-10 15:45:24,124:INFO-pretuning.py-now validating:::reg_lambda
2023-04-10 15:45:28,589:DEBUG-pretuning.py-validation score :::[-0.06748693 -0.06725848 -0.06642707 -0.06485668 -0.0720688  -0.06270846
 -0.0646266  -0.07448963]
2023-04-10 15:45:28,589:DEBUG-pretuning.py-local max at reg_lambda:::(array([3, 5]),)
2023-04-10 15:45:28,589:DEBUG-pretuning.py-cv params updated:::[0.01, 0.1]
2023-04-10 15:45:28,589:INFO-pretuning.py-now validating:::learning_rate
2023-04-10 15:48:44,664:DEBUG-pretuning.py-validation score :::[-3.66050355 -0.60452233 -0.06792766 -0.06802401 -0.06739979 -0.07022904
 -0.07448963 -0.06859804]
2023-04-10 15:48:44,664:DEBUG-pretuning.py-local max at learning_rate:::(array([2, 4]),)
2023-04-10 15:48:44,664:DEBUG-pretuning.py-cv params updated:::[0.001, 0.03]
2023-04-10 15:48:44,665:INFO-pretuning.py-now validating:::min_child_weight
2023-04-10 15:48:53,222:DEBUG-pretuning.py-validation score :::[-0.07448963 -0.07395161 -0.1006823  -0.10745782 -0.09660053 -0.11352508
 -0.12421868 -0.11149386]
2023-04-10 15:48:53,222:DEBUG-pretuning.py-local max at min_child_weight:::(array([1, 4]),)
2023-04-10 15:48:53,222:DEBUG-pretuning.py-cv params updated:::[3, 9]
2023-04-10 15:48:53,222:INFO-pretuning.py-now validating:::max_depth
2023-04-10 15:48:59,879:DEBUG-pretuning.py-validation score :::[-0.06132109 -0.06047256 -0.06357972 -0.06843529 -0.06789275 -0.07448963
 -0.06687416 -0.07393    -0.07385229 -0.0749379 ]
2023-04-10 15:48:59,880:DEBUG-pretuning.py-local max at max_depth:::(array([1, 4, 6, 8]),)
2023-04-10 15:48:59,880:DEBUG-pretuning.py-cv params updated:::[2, 5, 7, 9]
2023-04-10 15:48:59,880:INFO-pretuning.py-now validating:::gamma
2023-04-10 15:50:50,171:DEBUG-pretuning.py-validation score :::[-0.07448963 -0.07454924 -0.07470379 -0.07587375 -0.07486175 -0.08346431
 -0.07862083 -0.09662094]
2023-04-10 15:50:50,171:DEBUG-pretuning.py-local max at gamma:::(array([4, 6]),)
2023-04-10 15:50:50,171:DEBUG-pretuning.py-cv params updated:::[0.03, 0.3]
2023-04-10 15:50:50,171:INFO-tuning.py-pre tuning finished!!
2023-04-10 15:52:01,534:INFO-load_data.py-drop null columns
2023-04-10 15:52:01,540:INFO-load_data.py-time elapsed to load data:::0.025673866271972656
2023-04-10 15:52:01,540:DEBUG-load_data.py-sample of data loaded as X:::[0 0 0 ... 0 0 0]
2023-04-10 15:52:01,540:DEBUG-load_data.py-sample of data loaded as Y:::2.0106
2023-04-10 15:52:01,541:INFO-load_data.py-input data were split
2023-04-10 15:52:01,541:INFO-load_data.py-seed:::42
2023-04-10 15:52:04,089:INFO-tuning.py-random-search
2023-04-10 15:52:04,090:INFO-pretuning.py-pre tuning start
2023-04-10 15:52:04,186:INFO-pretuning.py-now validating:::subsample
2023-04-10 15:52:07,935:DEBUG-pretuning.py-validation score :::[-3.66050355 -0.11146106 -0.12140237 -0.10095249 -0.06885404 -0.06695412
 -0.07790129 -0.07559798 -0.06795654 -0.07448963]
2023-04-10 15:52:07,935:DEBUG-pretuning.py-local max at subsample:::(array([1, 5, 8]),)
2023-04-10 15:52:07,935:DEBUG-pretuning.py-cv params updated:::[0.1, 0.6, 0.9]
2023-04-10 15:52:07,935:INFO-pretuning.py-now validating:::colsample_bytree
2023-04-10 15:52:11,703:DEBUG-pretuning.py-validation score :::[-0.18136049 -0.05375263 -0.05879554 -0.0648095  -0.06114965 -0.06810722
 -0.06422743 -0.06234578 -0.06976935 -0.06663503 -0.07448963]
2023-04-10 15:52:11,703:DEBUG-pretuning.py-local max at colsample_bytree:::(array([1, 4, 7, 9]),)
2023-04-10 15:52:11,703:DEBUG-pretuning.py-cv params updated:::[0.1, 0.4, 0.7, 0.9]
2023-04-10 15:52:11,703:INFO-pretuning.py-now validating:::reg_alpha
2023-04-10 15:52:15,011:DEBUG-pretuning.py-validation score :::[-0.07448963 -0.07417386 -0.07340436 -0.07288664 -0.07349711 -0.0735589
 -0.07097941 -0.06987261]
2023-04-10 15:52:15,011:DEBUG-pretuning.py-local max at reg_alpha:::(array([3]),)
2023-04-10 15:52:15,011:DEBUG-pretuning.py-cv params updated:::[0.01]
2023-04-10 15:52:15,011:INFO-pretuning.py-now validating:::reg_lambda
2023-04-10 15:52:18,507:DEBUG-pretuning.py-validation score :::[-0.06748693 -0.06725848 -0.06642707 -0.06485668 -0.0720688  -0.06270846
 -0.0646266  -0.07448963]
2023-04-10 15:52:18,507:DEBUG-pretuning.py-local max at reg_lambda:::(array([3, 5]),)
2023-04-10 15:52:18,508:DEBUG-pretuning.py-cv params updated:::[0.01, 0.1]
2023-04-10 15:52:18,508:INFO-pretuning.py-now validating:::learning_rate
2023-04-10 15:55:19,810:DEBUG-pretuning.py-validation score :::[-3.66050355 -0.60452233 -0.06792766 -0.06802401 -0.06739979 -0.07022904
 -0.07448963 -0.06859804]
2023-04-10 15:55:19,811:DEBUG-pretuning.py-local max at learning_rate:::(array([2, 4]),)
2023-04-10 15:55:19,811:DEBUG-pretuning.py-cv params updated:::[0.001, 0.03]
2023-04-10 15:55:19,811:INFO-pretuning.py-now validating:::min_child_weight
2023-04-10 15:55:28,710:DEBUG-pretuning.py-validation score :::[-0.07448963 -0.07395161 -0.1006823  -0.10745782 -0.09660053 -0.11352508
 -0.12421868 -0.11149386]
2023-04-10 15:55:28,710:DEBUG-pretuning.py-local max at min_child_weight:::(array([1, 4]),)
2023-04-10 15:55:28,710:DEBUG-pretuning.py-cv params updated:::[3, 9]
2023-04-10 15:55:28,710:INFO-pretuning.py-now validating:::max_depth
2023-04-10 15:55:35,101:DEBUG-pretuning.py-validation score :::[-0.06132109 -0.06047256 -0.06357972 -0.06843529 -0.06789275 -0.07448963
 -0.06687416 -0.07393    -0.07385229 -0.0749379 ]
2023-04-10 15:55:35,101:DEBUG-pretuning.py-local max at max_depth:::(array([1, 4, 6, 8]),)
2023-04-10 15:55:35,101:DEBUG-pretuning.py-cv params updated:::[2, 5, 7, 9]
2023-04-10 15:55:35,102:INFO-pretuning.py-now validating:::gamma
2023-04-10 15:57:26,267:DEBUG-pretuning.py-validation score :::[-0.07448963 -0.07454924 -0.07470379 -0.07587375 -0.07486175 -0.08346431
 -0.07862083 -0.09662094]
2023-04-10 15:57:26,268:DEBUG-pretuning.py-local max at gamma:::(array([4, 6]),)
2023-04-10 15:57:26,268:DEBUG-pretuning.py-cv params updated:::[0.03, 0.3]
2023-04-10 15:57:26,268:INFO-tuning.py-pre tuning finished!!
2023-04-10 15:57:26,269:INFO-tuning_method.py-optimize by using RandomSearch
